
added 2743 packages, and audited 2744 packages in 3m

291 packages are looking for funding
  run `npm fund` for details

43 vulnerabilities (21 moderate, 22 high)

To address issues that do not require attention, run:
  npm audit fix

To address all issues possible (including breaking changes), run:
  npm audit fix --force

Some issues need review, and may require choosing
a different dependency.

Run `npm audit` for details.

> WordPress@6.5.0 build:dev
> grunt build --dev

package.json has been modified. Installing...
Running "build" task

Running "clean:js" (clean) task
>> 0 paths cleaned.

Running "clean:webpack-assets" (clean) task
>> 0 paths cleaned.

Running "webpack:prod" (webpack) task


Running "webpack:dev" (webpack) task


Running "clean:interactivity-assets" (clean) task
>> 2 paths cleaned.

Running "copy:npm-packages" (copy) task
Copied 11 files

Running "copy:vendor-js" (copy) task
Created 47 directories, copied 186 files

Running "copy:admin-js" (copy) task
Copied 54 files

Running "copy:includes-js" (copy) task
Copied 35 files

Running "file_append:default_options" (file_append) task

Running "uglify:core" (uglify) task
>> 116 files created 2.95 MB → 1.13 MB

Running "uglify:jquery-ui" (uglify) task
>> 37 files created 539 kB → 269 kB

Running "uglify:imgareaselect" (uglify) task
>> 1 file created 38.6 kB → 9.77 kB

Running "uglify:jqueryform" (uglify) task
>> 1 file created 41.9 kB → 16 kB

Running "uglify:moment" (uglify) task
>> 1 file created 175 kB → 57.9 kB

Running "concat:tinymce" (concat) task

Running "concat:emoji" (concat) task

Running "clean:css" (clean) task
>> 0 paths cleaned.

Running "copy:wp-admin-css-compat-rtl" (copy) task
Copied 1 file

Running "copy:wp-admin-css-compat-min" (copy) task
Copied 2 files

Running "cssmin:core" (cssmin) task
>> 37 files created. 740 kB → 597 kB

Running "sass:colors" (sass) task

Running "postcss:colors" (postcss) task
>> File src/wp-admin/css/colors/blue/colors.css created. 20.5 kB → 20.5 kB
>> File src/wp-admin/css/colors/coffee/colors.css created. 20 kB → 20 kB
>> File src/wp-admin/css/colors/ectoplasm/colors.css created. 20.5 kB → 20.5 kB
>> File src/wp-admin/css/colors/light/colors.css created. 20.6 kB → 20.6 kB
>> File src/wp-admin/css/colors/midnight/colors.css created. 20.7 kB → 20.7 kB
>> File src/wp-admin/css/colors/modern/colors.css created. 20.6 kB → 20.6 kB
>> File src/wp-admin/css/colors/ocean/colors.css created. 19.9 kB → 19.9 kB
>> File src/wp-admin/css/colors/sunrise/colors.css created. 20.7 kB → 20.7 kB
>> 8 processed stylesheets created. 164 kB → 164 kB

Running "rtlcss:core" (rtlcss) task
File src/wp-admin/css/about-rtl.css created.
File src/wp-admin/css/admin-menu-rtl.css created.
File src/wp-admin/css/code-editor-rtl.css created.
File src/wp-admin/css/color-picker-rtl.css created.
File src/wp-admin/css/common-rtl.css created.
File src/wp-admin/css/customize-controls-rtl.css created.
File src/wp-admin/css/customize-nav-menus-rtl.css created.
File src/wp-admin/css/customize-widgets-rtl.css created.
File src/wp-admin/css/dashboard-rtl.css created.
File src/wp-admin/css/deprecated-media-rtl.css created.
File src/wp-admin/css/edit-rtl.css created.
File src/wp-admin/css/farbtastic-rtl.css created.
File src/wp-admin/css/forms-rtl.css created.
File src/wp-admin/css/install-rtl.css created.
File src/wp-admin/css/l10n-rtl.css created.
File src/wp-admin/css/list-tables-rtl.css created.
File src/wp-admin/css/login-rtl.css created.
File src/wp-admin/css/media-rtl.css created.
File src/wp-admin/css/nav-menus-rtl.css created.
File src/wp-admin/css/revisions-rtl.css created.
File src/wp-admin/css/site-health-rtl.css created.
File src/wp-admin/css/site-icon-rtl.css created.
File src/wp-admin/css/themes-rtl.css created.
File src/wp-admin/css/widgets-rtl.css created.
File src/wp-admin/css/wp-admin-rtl.css created.
File src/wp-includes/css/admin-bar-rtl.css created.
File src/wp-includes/css/buttons-rtl.css created.
Skip saving unmodified file src/wp-includes/css/classic-themes.css.
File src/wp-includes/css/customize-preview-rtl.css created.
File src/wp-includes/css/editor-rtl.css created.
File src/wp-includes/css/jquery-ui-dialog-rtl.css created.
File src/wp-includes/css/media-views-rtl.css created.
File src/wp-includes/css/wp-auth-check-rtl.css created.
File src/wp-includes/css/wp-pointer-rtl.css created.

Running "rtlcss:colors" (rtlcss) task
File src/wp-admin/css/colors/blue/colors-rtl.css created.
File src/wp-admin/css/colors/coffee/colors-rtl.css created.
File src/wp-admin/css/colors/ectoplasm/colors-rtl.css created.
File src/wp-admin/css/colors/light/colors-rtl.css created.
File src/wp-admin/css/colors/midnight/colors-rtl.css created.
File src/wp-admin/css/colors/modern/colors-rtl.css created.
File src/wp-admin/css/colors/ocean/colors-rtl.css created.
File src/wp-admin/css/colors/sunrise/colors-rtl.css created.

Running "cssmin:rtl" (cssmin) task
>> 32 files created. 662 kB → 525 kB

Running "cssmin:colors" (cssmin) task
>> 16 files created. 327 kB → 289 kB

Running "usebanner:files" (usebanner) task
√ grunt-banner completed successfully

Done.
Setting up WordPress at https://ubiquitous-succotash-jpqj4p4645hqvq7-8080.app.github.dev
Success: WordPress installed successfully.
